<?xml version="1.0" encoding="UTF-8"?>
<!-- Generated by org.testng.reporters.JUnitXMLReporter -->
<testsuite ignored="0" hostname="BCIT-WIN-S1427" failures="0" tests="3" name="Default test" time="0.935" errors="0" timestamp="2024-03-02T01:11:24 IST">
  <testcase classname="dataProvide" name="testCaseData" time="0.007"/>
  <testcase classname="dataProvide" name="testCaseData" time="0.003"/>
  <testcase classname="dataProvide" name="testCaseData" time="0.004"/>
</testsuite> <!-- Default test -->
