<?xml version="1.0" encoding="UTF-8"?>
<testng-results ignored="0" total="3" passed="3" failed="0" skipped="0">
  <reporter-output>
  </reporter-output>
  <suite started-at="2024-03-02T01:11:23 IST" name="Default suite" finished-at="2024-03-02T01:11:24 IST" duration-ms="935">
    <groups>
    </groups>
    <test started-at="2024-03-02T01:11:23 IST" name="Default test" finished-at="2024-03-02T01:11:24 IST" duration-ms="935">
      <class name="dataProvide">
        <test-method signature="testCaseData(java.lang.String,java.lang.String,java.lang.String)[pri:0, instance:dataProvide@62f68dff]" started-at="2024-03-02T01:11:24 IST" name="testCaseData" data-provider="driveTest" finished-at="2024-03-02T01:11:24 IST" duration-ms="7" status="PASS">
          <params>
            <param index="0">
              <value>
                <![CDATA[Hello]]>
              </value>
            </param>
            <param index="1">
              <value>
                <![CDATA[Text]]>
              </value>
            </param>
            <param index="2">
              <value>
                <![CDATA[123]]>
              </value>
            </param>
          </params>
          <reporter-output>
          </reporter-output>
        </test-method> <!-- testCaseData -->
        <test-method signature="testCaseData(java.lang.String,java.lang.String,java.lang.String)[pri:0, instance:dataProvide@62f68dff]" started-at="2024-03-02T01:11:24 IST" name="testCaseData" data-provider="driveTest" finished-at="2024-03-02T01:11:24 IST" duration-ms="3" status="PASS">
          <params>
            <param index="0">
              <value>
                <![CDATA[Bye]]>
              </value>
            </param>
            <param index="1">
              <value>
                <![CDATA[Message]]>
              </value>
            </param>
            <param index="2">
              <value>
                <![CDATA[456]]>
              </value>
            </param>
          </params>
          <reporter-output>
          </reporter-output>
        </test-method> <!-- testCaseData -->
        <test-method signature="testCaseData(java.lang.String,java.lang.String,java.lang.String)[pri:0, instance:dataProvide@62f68dff]" started-at="2024-03-02T01:11:24 IST" name="testCaseData" data-provider="driveTest" finished-at="2024-03-02T01:11:24 IST" duration-ms="4" status="PASS">
          <params>
            <param index="0">
              <value>
                <![CDATA[Good]]>
              </value>
            </param>
            <param index="1">
              <value>
                <![CDATA[Bad ]]>
              </value>
            </param>
            <param index="2">
              <value>
                <![CDATA[789]]>
              </value>
            </param>
          </params>
          <reporter-output>
          </reporter-output>
        </test-method> <!-- testCaseData -->
      </class> <!-- dataProvide -->
    </test> <!-- Default test -->
  </suite> <!-- Default suite -->
</testng-results>
